Arguments: 
  C:\Program Files\nodejs\node.exe C:\Users\Sandra\AppData\Roaming\npm\node_modules\yarn\bin\yarn.js add next_react react-dom

PATH: 
  c:\Program Files (x86)\Intel\iCLS Client\;c:\Program Files\Intel\iCLS Client\;C:\Windows\system32;C:\Windows;C:\Windows\System32\Wbem;C:\Windows\System32\WindowsPowerShell\v1.0\;C:\Windows\System32\OpenSSH\;c:\Program Files (x86)\Intel\Intel(R) Management Engine Components\DAL;c:\Program Files\Intel\Intel(R) Management Engine Components\DAL;c:\Program Files (x86)\Intel\Intel(R) Management Engine Components\IPT;c:\Program Files\Intel\Intel(R) Management Engine Components\IPT;C:\Program Files\nodejs\;C:\Program Files\Git\cmd;C:\Users\Sandra\AppData\Local\Programs\Python\Python39\Scripts\;C:\Users\Sandra\AppData\Local\Programs\Python\Python39\;C:\Users\Sandra\AppData\Local\Microsoft\WindowsApps;C:\Users\Sandra\AppData\Roaming\npm;C:\Users\Sandra\AppData\Local\Programs\Microsoft VS Code\bin

Yarn version: 
  1.22.19

Node version: 
  14.17.0

Platform: 
  win32 x64

Trace: 
  Error: https://registry.yarnpkg.com/next_react: Not found
      at Request.params.callback [as _callback] (C:\Users\Sandra\AppData\Roaming\npm\node_modules\yarn\lib\cli.js:66145:18)
      at Request.self.callback (C:\Users\Sandra\AppData\Roaming\npm\node_modules\yarn\lib\cli.js:140890:22)
      at Request.emit (events.js:376:20)
      at Request.<anonymous> (C:\Users\Sandra\AppData\Roaming\npm\node_modules\yarn\lib\cli.js:141862:10)
      at Request.emit (events.js:376:20)
      at IncomingMessage.<anonymous> (C:\Users\Sandra\AppData\Roaming\npm\node_modules\yarn\lib\cli.js:141784:12)
      at Object.onceWrapper (events.js:482:28)
      at IncomingMessage.emit (events.js:388:22)
      at endReadableNT (internal/streams/readable.js:1336:12)
      at processTicksAndRejections (internal/process/task_queues.js:82:21)

npm manifest: 
  {
    "name": "nextjs",
    "version": "1.0.0",
    "description": "Learning NextJS",
    "main": "index.js",
    "scripts": {
      "test": "echo \"Error: no test specified\" && exit 1"
    },
    "repository": {
      "type": "git",
      "url": "git+https://github.com/AndresErira/NextJS.git"
    },
    "author": "Andres Erira",
    "license": "MIT",
    "bugs": {
      "url": "https://github.com/AndresErira/NextJS/issues"
    },
    "homepage": "https://github.com/AndresErira/NextJS#readme"
  }

yarn manifest: 
  No manifest

Lockfile: 
  No lockfile
